2023-03-09 18:32:55,099 INFO org.springframework.boot.StartupInfoLogger [main] Starting OrganizaerApplication using Java 11.0.12 on PR-CAB2 with PID 2584 (D:\JavaGr\projects\organizaer\target\classes started by itstep in D:\JavaGr\projects\organizaer)
2023-03-09 18:32:55,107 INFO org.hibernate.validator.internal.util.Version [background-preinit] HV000001: Hibernate Validator 6.2.4.Final
2023-03-09 18:32:55,109 INFO org.springframework.boot.SpringApplication [main] No active profile set, falling back to 1 default profile: "default"
2023-03-09 18:32:58,670 INFO org.springframework.data.repository.config.RepositoryConfigurationDelegate [main] Bootstrapping Spring Data JPA repositories in DEFAULT mode.
2023-03-09 18:32:58,881 INFO org.springframework.data.repository.config.RepositoryConfigurationDelegate [main] Finished Spring Data repository scanning in 195 ms. Found 6 JPA repository interfaces.
2023-03-09 18:33:02,438 INFO org.springframework.boot.web.embedded.tomcat.TomcatWebServer [main] Tomcat initialized with port(s): 8080 (http)
2023-03-09 18:33:02,458 INFO org.apache.juli.logging.DirectJDKLog [main] Initializing ProtocolHandler ["http-nio-8080"]
2023-03-09 18:33:02,459 INFO org.apache.juli.logging.DirectJDKLog [main] Starting service [Tomcat]
2023-03-09 18:33:02,460 INFO org.apache.juli.logging.DirectJDKLog [main] Starting Servlet engine: [Apache Tomcat/9.0.65]
2023-03-09 18:33:03,526 INFO org.apache.juli.logging.DirectJDKLog [main] Initializing Spring embedded WebApplicationContext
2023-03-09 18:33:03,527 INFO org.springframework.boot.web.servlet.context.ServletWebServerApplicationContext [main] Root WebApplicationContext: initialization completed in 8273 ms
2023-03-09 18:33:05,437 INFO org.flywaydb.core.internal.logging.slf4j.Slf4jLog [main] Flyway Community Edition 9.6.0 by Redgate
2023-03-09 18:33:05,437 INFO org.flywaydb.core.internal.logging.slf4j.Slf4jLog [main] See what's new here: https://flywaydb.org/documentation/learnmore/releaseNotes#9.6.0
2023-03-09 18:33:05,438 INFO org.flywaydb.core.internal.logging.slf4j.Slf4jLog [main] 
2023-03-09 18:33:07,154 INFO org.flywaydb.core.internal.logging.slf4j.Slf4jLog [main] Database: jdbc:postgresql://localhost:5432/postgres (PostgreSQL 13.8)
2023-03-09 18:33:07,463 INFO org.flywaydb.core.internal.logging.slf4j.Slf4jLog [main] Successfully validated 10 migrations (execution time 00:00.172s)
2023-03-09 18:33:07,853 INFO org.flywaydb.core.internal.logging.slf4j.Slf4jLog [main] Current version of schema "organizer": 9
2023-03-09 18:33:07,861 INFO org.flywaydb.core.internal.logging.slf4j.Slf4jLog [main] Schema "organizer" is up to date. No migration necessary.
2023-03-09 18:33:08,353 INFO org.hibernate.jpa.internal.util.LogHelper [main] HHH000204: Processing PersistenceUnitInfo [name: default]
2023-03-09 18:33:08,594 INFO org.hibernate.Version [main] HHH000412: Hibernate ORM core version 5.6.10.Final
2023-03-09 18:33:09,165 INFO org.hibernate.annotations.common.reflection.java.JavaReflectionManager [main] HCANN000001: Hibernate Commons Annotations {5.1.2.Final}
2023-03-09 18:33:09,537 INFO com.zaxxer.hikari.HikariDataSource [main] HikariPool-1 - Starting...
2023-03-09 18:33:09,645 INFO com.zaxxer.hikari.HikariDataSource [main] HikariPool-1 - Start completed.
2023-03-09 18:33:09,674 INFO org.hibernate.dialect.Dialect [main] HHH000400: Using dialect: org.hibernate.dialect.PostgreSQL95Dialect
2023-03-09 18:33:12,050 INFO org.hibernate.engine.transaction.jta.platform.internal.JtaPlatformInitiator [main] HHH000490: Using JtaPlatform implementation: [org.hibernate.engine.transaction.jta.platform.internal.NoJtaPlatform]
2023-03-09 18:33:12,065 INFO org.springframework.orm.jpa.AbstractEntityManagerFactoryBean [main] Initialized JPA EntityManagerFactory for persistence unit 'default'
2023-03-09 18:33:15,004 WARN org.springframework.boot.autoconfigure.orm.jpa.JpaBaseConfiguration$JpaWebConfiguration [main] spring.jpa.open-in-view is enabled by default. Therefore, database queries may be performed during view rendering. Explicitly configure spring.jpa.open-in-view to disable this warning
2023-03-09 18:33:16,545 INFO org.springframework.security.web.DefaultSecurityFilterChain [main] Will secure any request with [org.springframework.security.web.session.DisableEncodeUrlFilter@24ccc91b, org.springframework.security.web.context.request.async.WebAsyncManagerIntegrationFilter@d0538b3, org.springframework.security.web.context.SecurityContextPersistenceFilter@5dc8448b, org.springframework.security.web.header.HeaderWriterFilter@a2ca681, org.springframework.web.filter.CorsFilter@3b8c15de, org.springframework.security.web.authentication.logout.LogoutFilter@294ebdae, by.itstep.organizaer.security.AuthFilter@415419a4, org.springframework.security.web.savedrequest.RequestCacheAwareFilter@33d08a24, org.springframework.security.web.servletapi.SecurityContextHolderAwareRequestFilter@255b84a9, org.springframework.security.web.authentication.AnonymousAuthenticationFilter@26398f67, org.springframework.security.web.session.SessionManagementFilter@2b98c310, org.springframework.security.web.access.ExceptionTranslationFilter@14b9817b, org.springframework.security.web.access.intercept.AuthorizationFilter@60493524]
2023-03-09 18:33:17,661 INFO org.apache.juli.logging.DirectJDKLog [main] Starting ProtocolHandler ["http-nio-8080"]
2023-03-09 18:33:17,734 INFO org.springframework.boot.web.embedded.tomcat.TomcatWebServer [main] Tomcat started on port(s): 8080 (http) with context path ''
2023-03-09 18:33:17,776 INFO org.springframework.boot.StartupInfoLogger [main] Started OrganizaerApplication in 23.882 seconds (JVM running for 24.993)
2023-03-09 18:33:39,876 INFO org.apache.juli.logging.DirectJDKLog [http-nio-8080-exec-1] Initializing Spring DispatcherServlet 'dispatcherServlet'
2023-03-09 18:33:39,876 INFO org.springframework.web.servlet.FrameworkServlet [http-nio-8080-exec-1] Initializing Servlet 'dispatcherServlet'
2023-03-09 18:33:39,881 INFO org.springframework.web.servlet.FrameworkServlet [http-nio-8080-exec-1] Completed initialization in 2 ms
2023-03-09 18:33:42,071 INFO org.springdoc.api.AbstractOpenApiResource [http-nio-8080-exec-9] Init duration for springdoc-openapi is: 1573 ms
2023-03-09 18:49:12,198 INFO org.springframework.orm.jpa.AbstractEntityManagerFactoryBean [SpringApplicationShutdownHook] Closing JPA EntityManagerFactory for persistence unit 'default'
2023-03-09 18:49:12,200 INFO com.zaxxer.hikari.HikariDataSource [SpringApplicationShutdownHook] HikariPool-1 - Shutdown initiated...
2023-03-09 18:49:12,206 INFO com.zaxxer.hikari.HikariDataSource [SpringApplicationShutdownHook] HikariPool-1 - Shutdown completed.
2023-03-09 18:49:23,707 INFO org.hibernate.validator.internal.util.Version [background-preinit] HV000001: Hibernate Validator 6.2.4.Final
2023-03-09 18:49:23,721 INFO org.springframework.boot.StartupInfoLogger [main] Starting OrganizaerApplication using Java 11.0.12 on PR-CAB2 with PID 8440 (D:\JavaGr\projects\organizaer\target\classes started by itstep in D:\JavaGr\projects\organizaer)
2023-03-09 18:49:23,723 INFO org.springframework.boot.SpringApplication [main] No active profile set, falling back to 1 default profile: "default"
2023-03-09 18:49:26,226 INFO org.springframework.data.repository.config.RepositoryConfigurationDelegate [main] Bootstrapping Spring Data JPA repositories in DEFAULT mode.
2023-03-09 18:49:26,523 INFO org.springframework.data.repository.config.RepositoryConfigurationDelegate [main] Finished Spring Data repository scanning in 266 ms. Found 6 JPA repository interfaces.
2023-03-09 18:49:28,555 INFO org.springframework.boot.web.embedded.tomcat.TomcatWebServer [main] Tomcat initialized with port(s): 8080 (http)
2023-03-09 18:49:28,590 INFO org.apache.juli.logging.DirectJDKLog [main] Initializing ProtocolHandler ["http-nio-8080"]
2023-03-09 18:49:28,591 INFO org.apache.juli.logging.DirectJDKLog [main] Starting service [Tomcat]
2023-03-09 18:49:28,592 INFO org.apache.juli.logging.DirectJDKLog [main] Starting Servlet engine: [Apache Tomcat/9.0.65]
2023-03-09 18:49:28,963 INFO org.apache.juli.logging.DirectJDKLog [main] Initializing Spring embedded WebApplicationContext
2023-03-09 18:49:28,964 INFO org.springframework.boot.web.servlet.context.ServletWebServerApplicationContext [main] Root WebApplicationContext: initialization completed in 5138 ms
2023-03-09 18:49:29,578 INFO org.flywaydb.core.internal.logging.slf4j.Slf4jLog [main] Flyway Community Edition 9.6.0 by Redgate
2023-03-09 18:49:29,579 INFO org.flywaydb.core.internal.logging.slf4j.Slf4jLog [main] See what's new here: https://flywaydb.org/documentation/learnmore/releaseNotes#9.6.0
2023-03-09 18:49:29,579 INFO org.flywaydb.core.internal.logging.slf4j.Slf4jLog [main] 
2023-03-09 18:49:29,995 INFO org.flywaydb.core.internal.logging.slf4j.Slf4jLog [main] Database: jdbc:postgresql://localhost:5432/postgres (PostgreSQL 13.8)
2023-03-09 18:49:30,079 INFO org.flywaydb.core.internal.logging.slf4j.Slf4jLog [main] Successfully validated 10 migrations (execution time 00:00.051s)
2023-03-09 18:49:30,184 INFO org.flywaydb.core.internal.logging.slf4j.Slf4jLog [main] Current version of schema "organizer": 9
2023-03-09 18:49:30,188 INFO org.flywaydb.core.internal.logging.slf4j.Slf4jLog [main] Schema "organizer" is up to date. No migration necessary.
2023-03-09 18:49:30,435 INFO org.hibernate.jpa.internal.util.LogHelper [main] HHH000204: Processing PersistenceUnitInfo [name: default]
2023-03-09 18:49:30,560 INFO org.hibernate.Version [main] HHH000412: Hibernate ORM core version 5.6.10.Final
2023-03-09 18:49:31,092 INFO org.hibernate.annotations.common.reflection.java.JavaReflectionManager [main] HCANN000001: Hibernate Commons Annotations {5.1.2.Final}
2023-03-09 18:49:31,396 INFO com.zaxxer.hikari.HikariDataSource [main] HikariPool-1 - Starting...
2023-03-09 18:49:31,513 INFO com.zaxxer.hikari.HikariDataSource [main] HikariPool-1 - Start completed.
2023-03-09 18:49:31,536 INFO org.hibernate.dialect.Dialect [main] HHH000400: Using dialect: org.hibernate.dialect.PostgreSQL95Dialect
2023-03-09 18:49:33,023 INFO org.hibernate.engine.transaction.jta.platform.internal.JtaPlatformInitiator [main] HHH000490: Using JtaPlatform implementation: [org.hibernate.engine.transaction.jta.platform.internal.NoJtaPlatform]
2023-03-09 18:49:33,036 INFO org.springframework.orm.jpa.AbstractEntityManagerFactoryBean [main] Initialized JPA EntityManagerFactory for persistence unit 'default'
2023-03-09 18:49:35,509 WARN org.springframework.boot.autoconfigure.orm.jpa.JpaBaseConfiguration$JpaWebConfiguration [main] spring.jpa.open-in-view is enabled by default. Therefore, database queries may be performed during view rendering. Explicitly configure spring.jpa.open-in-view to disable this warning
2023-03-09 18:49:37,286 INFO org.springframework.security.web.DefaultSecurityFilterChain [main] Will secure any request with [org.springframework.security.web.session.DisableEncodeUrlFilter@29767156, org.springframework.security.web.context.request.async.WebAsyncManagerIntegrationFilter@6f6998b6, org.springframework.security.web.context.SecurityContextPersistenceFilter@c5e7696, org.springframework.security.web.header.HeaderWriterFilter@26bbbe9e, org.springframework.web.filter.CorsFilter@60493524, org.springframework.security.web.authentication.logout.LogoutFilter@3c577368, by.itstep.organizaer.security.AuthFilter@43255f91, org.springframework.security.web.savedrequest.RequestCacheAwareFilter@4769e70c, org.springframework.security.web.servletapi.SecurityContextHolderAwareRequestFilter@69346100, org.springframework.security.web.authentication.AnonymousAuthenticationFilter@1da5635e, org.springframework.security.web.session.SessionManagementFilter@1f4b8027, org.springframework.security.web.access.ExceptionTranslationFilter@218fc40d, org.springframework.security.web.access.intercept.AuthorizationFilter@71b6edfb]
2023-03-09 18:49:37,960 INFO org.apache.juli.logging.DirectJDKLog [main] Starting ProtocolHandler ["http-nio-8080"]
2023-03-09 18:49:38,019 INFO org.springframework.boot.web.embedded.tomcat.TomcatWebServer [main] Tomcat started on port(s): 8080 (http) with context path ''
2023-03-09 18:49:38,046 INFO org.springframework.boot.StartupInfoLogger [main] Started OrganizaerApplication in 15.424 seconds (JVM running for 16.695)
2023-03-09 18:49:38,243 INFO org.apache.juli.logging.DirectJDKLog [http-nio-8080-exec-1] Initializing Spring DispatcherServlet 'dispatcherServlet'
2023-03-09 18:49:38,243 INFO org.springframework.web.servlet.FrameworkServlet [http-nio-8080-exec-1] Initializing Servlet 'dispatcherServlet'
2023-03-09 18:49:38,244 INFO org.springframework.web.servlet.FrameworkServlet [http-nio-8080-exec-1] Completed initialization in 1 ms
2023-03-09 18:49:39,939 INFO org.springdoc.api.AbstractOpenApiResource [http-nio-8080-exec-9] Init duration for springdoc-openapi is: 988 ms
2023-03-09 18:53:53,940 INFO org.springframework.orm.jpa.AbstractEntityManagerFactoryBean [SpringApplicationShutdownHook] Closing JPA EntityManagerFactory for persistence unit 'default'
2023-03-09 18:53:53,946 INFO com.zaxxer.hikari.HikariDataSource [SpringApplicationShutdownHook] HikariPool-1 - Shutdown initiated...
2023-03-09 18:53:53,955 INFO com.zaxxer.hikari.HikariDataSource [SpringApplicationShutdownHook] HikariPool-1 - Shutdown completed.
2023-03-09 18:54:33,523 INFO org.hibernate.validator.internal.util.Version [background-preinit] HV000001: Hibernate Validator 6.2.4.Final
2023-03-09 18:54:33,527 INFO org.springframework.boot.StartupInfoLogger [main] Starting OrganizaerApplication using Java 11.0.12 on PR-CAB2 with PID 13108 (D:\JavaGr\projects\organizaer\target\classes started by itstep in D:\JavaGr\projects\organizaer)
2023-03-09 18:54:33,529 INFO org.springframework.boot.SpringApplication [main] No active profile set, falling back to 1 default profile: "default"
2023-03-09 18:54:35,253 INFO org.springframework.data.repository.config.RepositoryConfigurationDelegate [main] Bootstrapping Spring Data JPA repositories in DEFAULT mode.
2023-03-09 18:54:35,453 INFO org.springframework.data.repository.config.RepositoryConfigurationDelegate [main] Finished Spring Data repository scanning in 184 ms. Found 6 JPA repository interfaces.
2023-03-09 18:54:36,822 INFO org.springframework.boot.web.embedded.tomcat.TomcatWebServer [main] Tomcat initialized with port(s): 8080 (http)
2023-03-09 18:54:36,843 INFO org.apache.juli.logging.DirectJDKLog [main] Initializing ProtocolHandler ["http-nio-8080"]
2023-03-09 18:54:36,844 INFO org.apache.juli.logging.DirectJDKLog [main] Starting service [Tomcat]
2023-03-09 18:54:36,844 INFO org.apache.juli.logging.DirectJDKLog [main] Starting Servlet engine: [Apache Tomcat/9.0.65]
2023-03-09 18:54:37,104 INFO org.apache.juli.logging.DirectJDKLog [main] Initializing Spring embedded WebApplicationContext
2023-03-09 18:54:37,104 INFO org.springframework.boot.web.servlet.context.ServletWebServerApplicationContext [main] Root WebApplicationContext: initialization completed in 3489 ms
2023-03-09 18:54:37,489 INFO org.flywaydb.core.internal.logging.slf4j.Slf4jLog [main] Flyway Community Edition 9.6.0 by Redgate
2023-03-09 18:54:37,490 INFO org.flywaydb.core.internal.logging.slf4j.Slf4jLog [main] See what's new here: https://flywaydb.org/documentation/learnmore/releaseNotes#9.6.0
2023-03-09 18:54:37,490 INFO org.flywaydb.core.internal.logging.slf4j.Slf4jLog [main] 
2023-03-09 18:54:37,797 INFO org.flywaydb.core.internal.logging.slf4j.Slf4jLog [main] Database: jdbc:postgresql://localhost:5432/postgres (PostgreSQL 13.8)
2023-03-09 18:54:37,873 INFO org.flywaydb.core.internal.logging.slf4j.Slf4jLog [main] Successfully validated 10 migrations (execution time 00:00.048s)
2023-03-09 18:54:37,970 INFO org.flywaydb.core.internal.logging.slf4j.Slf4jLog [main] Current version of schema "organizer": 9
2023-03-09 18:54:37,972 INFO org.flywaydb.core.internal.logging.slf4j.Slf4jLog [main] Schema "organizer" is up to date. No migration necessary.
2023-03-09 18:54:38,137 INFO org.hibernate.jpa.internal.util.LogHelper [main] HHH000204: Processing PersistenceUnitInfo [name: default]
2023-03-09 18:54:38,221 INFO org.hibernate.Version [main] HHH000412: Hibernate ORM core version 5.6.10.Final
2023-03-09 18:54:38,522 INFO org.hibernate.annotations.common.reflection.java.JavaReflectionManager [main] HCANN000001: Hibernate Commons Annotations {5.1.2.Final}
2023-03-09 18:54:38,729 INFO com.zaxxer.hikari.HikariDataSource [main] HikariPool-1 - Starting...
2023-03-09 18:54:38,815 INFO com.zaxxer.hikari.HikariDataSource [main] HikariPool-1 - Start completed.
2023-03-09 18:54:38,836 INFO org.hibernate.dialect.Dialect [main] HHH000400: Using dialect: org.hibernate.dialect.PostgreSQL95Dialect
2023-03-09 18:54:40,330 INFO org.hibernate.engine.transaction.jta.platform.internal.JtaPlatformInitiator [main] HHH000490: Using JtaPlatform implementation: [org.hibernate.engine.transaction.jta.platform.internal.NoJtaPlatform]
2023-03-09 18:54:40,341 INFO org.springframework.orm.jpa.AbstractEntityManagerFactoryBean [main] Initialized JPA EntityManagerFactory for persistence unit 'default'
2023-03-09 18:54:42,214 WARN org.springframework.boot.autoconfigure.orm.jpa.JpaBaseConfiguration$JpaWebConfiguration [main] spring.jpa.open-in-view is enabled by default. Therefore, database queries may be performed during view rendering. Explicitly configure spring.jpa.open-in-view to disable this warning
2023-03-09 18:54:43,665 INFO org.springframework.security.web.DefaultSecurityFilterChain [main] Will secure any request with [org.springframework.security.web.session.DisableEncodeUrlFilter@4f7da3a2, org.springframework.security.web.context.request.async.WebAsyncManagerIntegrationFilter@24ea71d, org.springframework.security.web.context.SecurityContextPersistenceFilter@45649467, org.springframework.security.web.header.HeaderWriterFilter@501b15b9, org.springframework.web.filter.CorsFilter@76055d02, org.springframework.security.web.authentication.logout.LogoutFilter@b8c6406, by.itstep.organizaer.security.AuthFilter@7bdf8c92, org.springframework.security.web.savedrequest.RequestCacheAwareFilter@620e0d36, org.springframework.security.web.servletapi.SecurityContextHolderAwareRequestFilter@5cd2adc7, org.springframework.security.web.authentication.AnonymousAuthenticationFilter@31c800a5, org.springframework.security.web.session.SessionManagementFilter@7d76d72a, org.springframework.security.web.access.ExceptionTranslationFilter@202b5293, org.springframework.security.web.access.intercept.AuthorizationFilter@52a3eba3]
2023-03-09 18:54:44,253 INFO org.apache.juli.logging.DirectJDKLog [main] Starting ProtocolHandler ["http-nio-8080"]
2023-03-09 18:54:44,292 INFO org.springframework.boot.web.embedded.tomcat.TomcatWebServer [main] Tomcat started on port(s): 8080 (http) with context path ''
2023-03-09 18:54:44,315 INFO org.springframework.boot.StartupInfoLogger [main] Started OrganizaerApplication in 11.726 seconds (JVM running for 12.655)
2023-03-09 18:54:47,232 INFO org.apache.juli.logging.DirectJDKLog [http-nio-8080-exec-1] Initializing Spring DispatcherServlet 'dispatcherServlet'
2023-03-09 18:54:47,232 INFO org.springframework.web.servlet.FrameworkServlet [http-nio-8080-exec-1] Initializing Servlet 'dispatcherServlet'
2023-03-09 18:54:47,235 INFO org.springframework.web.servlet.FrameworkServlet [http-nio-8080-exec-1] Completed initialization in 3 ms
2023-03-09 18:54:49,305 INFO org.springdoc.api.AbstractOpenApiResource [http-nio-8080-exec-9] Init duration for springdoc-openapi is: 1334 ms
2023-03-09 18:55:10,707 INFO org.springframework.orm.jpa.AbstractEntityManagerFactoryBean [SpringApplicationShutdownHook] Closing JPA EntityManagerFactory for persistence unit 'default'
2023-03-09 18:55:10,714 INFO com.zaxxer.hikari.HikariDataSource [SpringApplicationShutdownHook] HikariPool-1 - Shutdown initiated...
2023-03-09 18:55:10,731 INFO com.zaxxer.hikari.HikariDataSource [SpringApplicationShutdownHook] HikariPool-1 - Shutdown completed.
2023-03-09 18:55:17,025 INFO org.springframework.boot.StartupInfoLogger [main] Starting OrganizaerApplication using Java 11.0.12 on PR-CAB2 with PID 11004 (D:\JavaGr\projects\organizaer\target\classes started by itstep in D:\JavaGr\projects\organizaer)
2023-03-09 18:55:17,025 INFO org.hibernate.validator.internal.util.Version [background-preinit] HV000001: Hibernate Validator 6.2.4.Final
2023-03-09 18:55:17,032 INFO org.springframework.boot.SpringApplication [main] No active profile set, falling back to 1 default profile: "default"
2023-03-09 18:55:18,753 INFO org.springframework.data.repository.config.RepositoryConfigurationDelegate [main] Bootstrapping Spring Data JPA repositories in DEFAULT mode.
2023-03-09 18:55:18,951 INFO org.springframework.data.repository.config.RepositoryConfigurationDelegate [main] Finished Spring Data repository scanning in 183 ms. Found 6 JPA repository interfaces.
2023-03-09 18:55:20,267 INFO org.springframework.boot.web.embedded.tomcat.TomcatWebServer [main] Tomcat initialized with port(s): 8080 (http)
2023-03-09 18:55:20,289 INFO org.apache.juli.logging.DirectJDKLog [main] Initializing ProtocolHandler ["http-nio-8080"]
2023-03-09 18:55:20,290 INFO org.apache.juli.logging.DirectJDKLog [main] Starting service [Tomcat]
2023-03-09 18:55:20,291 INFO org.apache.juli.logging.DirectJDKLog [main] Starting Servlet engine: [Apache Tomcat/9.0.65]
2023-03-09 18:55:20,606 INFO org.apache.juli.logging.DirectJDKLog [main] Initializing Spring embedded WebApplicationContext
2023-03-09 18:55:20,607 INFO org.springframework.boot.web.servlet.context.ServletWebServerApplicationContext [main] Root WebApplicationContext: initialization completed in 3505 ms
2023-03-09 18:55:20,963 INFO org.flywaydb.core.internal.logging.slf4j.Slf4jLog [main] Flyway Community Edition 9.6.0 by Redgate
2023-03-09 18:55:20,964 INFO org.flywaydb.core.internal.logging.slf4j.Slf4jLog [main] See what's new here: https://flywaydb.org/documentation/learnmore/releaseNotes#9.6.0
2023-03-09 18:55:20,965 INFO org.flywaydb.core.internal.logging.slf4j.Slf4jLog [main] 
2023-03-09 18:55:21,287 INFO org.flywaydb.core.internal.logging.slf4j.Slf4jLog [main] Database: jdbc:postgresql://localhost:5432/postgres (PostgreSQL 13.8)
2023-03-09 18:55:21,370 INFO org.flywaydb.core.internal.logging.slf4j.Slf4jLog [main] Successfully validated 10 migrations (execution time 00:00.052s)
2023-03-09 18:55:21,474 INFO org.flywaydb.core.internal.logging.slf4j.Slf4jLog [main] Current version of schema "organizer": 9
2023-03-09 18:55:21,475 INFO org.flywaydb.core.internal.logging.slf4j.Slf4jLog [main] Schema "organizer" is up to date. No migration necessary.
2023-03-09 18:55:21,653 INFO org.hibernate.jpa.internal.util.LogHelper [main] HHH000204: Processing PersistenceUnitInfo [name: default]
2023-03-09 18:55:21,763 INFO org.hibernate.Version [main] HHH000412: Hibernate ORM core version 5.6.10.Final
2023-03-09 18:55:22,101 INFO org.hibernate.annotations.common.reflection.java.JavaReflectionManager [main] HCANN000001: Hibernate Commons Annotations {5.1.2.Final}
2023-03-09 18:55:22,311 INFO com.zaxxer.hikari.HikariDataSource [main] HikariPool-1 - Starting...
2023-03-09 18:55:22,405 INFO com.zaxxer.hikari.HikariDataSource [main] HikariPool-1 - Start completed.
2023-03-09 18:55:22,425 INFO org.hibernate.dialect.Dialect [main] HHH000400: Using dialect: org.hibernate.dialect.PostgreSQL95Dialect
2023-03-09 18:55:23,764 INFO org.hibernate.engine.transaction.jta.platform.internal.JtaPlatformInitiator [main] HHH000490: Using JtaPlatform implementation: [org.hibernate.engine.transaction.jta.platform.internal.NoJtaPlatform]
2023-03-09 18:55:23,774 INFO org.springframework.orm.jpa.AbstractEntityManagerFactoryBean [main] Initialized JPA EntityManagerFactory for persistence unit 'default'
2023-03-09 18:55:25,584 WARN org.springframework.boot.autoconfigure.orm.jpa.JpaBaseConfiguration$JpaWebConfiguration [main] spring.jpa.open-in-view is enabled by default. Therefore, database queries may be performed during view rendering. Explicitly configure spring.jpa.open-in-view to disable this warning
2023-03-09 18:55:27,053 INFO org.springframework.security.web.DefaultSecurityFilterChain [main] Will secure any request with [org.springframework.security.web.session.DisableEncodeUrlFilter@d0538b3, org.springframework.security.web.context.request.async.WebAsyncManagerIntegrationFilter@3b8c15de, org.springframework.security.web.context.SecurityContextPersistenceFilter@69346100, org.springframework.security.web.header.HeaderWriterFilter@6d6ddeb5, org.springframework.web.filter.CorsFilter@26398f67, org.springframework.security.web.authentication.logout.LogoutFilter@2c8c42c, by.itstep.organizaer.security.AuthFilter@3e0e3048, org.springframework.security.web.savedrequest.RequestCacheAwareFilter@65293ca5, org.springframework.security.web.servletapi.SecurityContextHolderAwareRequestFilter@6d70e68b, org.springframework.security.web.authentication.AnonymousAuthenticationFilter@64ff0eaa, org.springframework.security.web.session.SessionManagementFilter@4e8b36af, org.springframework.security.web.access.ExceptionTranslationFilter@6fc1a1d5, org.springframework.security.web.access.intercept.AuthorizationFilter@1da5635e]
2023-03-09 18:55:27,864 INFO org.apache.juli.logging.DirectJDKLog [main] Starting ProtocolHandler ["http-nio-8080"]
2023-03-09 18:55:27,955 INFO org.springframework.boot.web.embedded.tomcat.TomcatWebServer [main] Tomcat started on port(s): 8080 (http) with context path ''
2023-03-09 18:55:27,979 INFO org.springframework.boot.StartupInfoLogger [main] Started OrganizaerApplication in 11.86 seconds (JVM running for 12.657)
2023-03-09 18:55:28,330 INFO org.springframework.orm.jpa.AbstractEntityManagerFactoryBean [SpringApplicationShutdownHook] Closing JPA EntityManagerFactory for persistence unit 'default'
2023-03-09 18:55:28,332 INFO com.zaxxer.hikari.HikariDataSource [SpringApplicationShutdownHook] HikariPool-1 - Shutdown initiated...
2023-03-09 18:55:28,342 INFO com.zaxxer.hikari.HikariDataSource [SpringApplicationShutdownHook] HikariPool-1 - Shutdown completed.
2023-03-09 18:55:41,030 INFO org.hibernate.validator.internal.util.Version [background-preinit] HV000001: Hibernate Validator 6.2.4.Final
2023-03-09 18:55:41,042 INFO org.springframework.boot.StartupInfoLogger [main] Starting OrganizaerApplication using Java 11.0.12 on PR-CAB2 with PID 8180 (D:\JavaGr\projects\organizaer\target\classes started by itstep in D:\JavaGr\projects\organizaer)
2023-03-09 18:55:41,045 INFO org.springframework.boot.SpringApplication [main] No active profile set, falling back to 1 default profile: "default"
2023-03-09 18:55:42,887 INFO org.springframework.data.repository.config.RepositoryConfigurationDelegate [main] Bootstrapping Spring Data JPA repositories in DEFAULT mode.
2023-03-09 18:55:43,077 INFO org.springframework.data.repository.config.RepositoryConfigurationDelegate [main] Finished Spring Data repository scanning in 179 ms. Found 6 JPA repository interfaces.
2023-03-09 18:55:44,764 INFO org.springframework.boot.web.embedded.tomcat.TomcatWebServer [main] Tomcat initialized with port(s): 8080 (http)
2023-03-09 18:55:44,801 INFO org.apache.juli.logging.DirectJDKLog [main] Initializing ProtocolHandler ["http-nio-8080"]
2023-03-09 18:55:44,802 INFO org.apache.juli.logging.DirectJDKLog [main] Starting service [Tomcat]
2023-03-09 18:55:44,805 INFO org.apache.juli.logging.DirectJDKLog [main] Starting Servlet engine: [Apache Tomcat/9.0.65]
2023-03-09 18:55:45,101 INFO org.apache.juli.logging.DirectJDKLog [main] Initializing Spring embedded WebApplicationContext
2023-03-09 18:55:45,102 INFO org.springframework.boot.web.servlet.context.ServletWebServerApplicationContext [main] Root WebApplicationContext: initialization completed in 3965 ms
2023-03-09 18:55:45,658 INFO org.flywaydb.core.internal.logging.slf4j.Slf4jLog [main] Flyway Community Edition 9.6.0 by Redgate
2023-03-09 18:55:45,660 INFO org.flywaydb.core.internal.logging.slf4j.Slf4jLog [main] See what's new here: https://flywaydb.org/documentation/learnmore/releaseNotes#9.6.0
2023-03-09 18:55:45,661 INFO org.flywaydb.core.internal.logging.slf4j.Slf4jLog [main] 
2023-03-09 18:55:46,054 INFO org.flywaydb.core.internal.logging.slf4j.Slf4jLog [main] Database: jdbc:postgresql://localhost:5432/postgres (PostgreSQL 13.8)
2023-03-09 18:55:46,143 INFO org.flywaydb.core.internal.logging.slf4j.Slf4jLog [main] Successfully validated 10 migrations (execution time 00:00.055s)
2023-03-09 18:55:46,252 INFO org.flywaydb.core.internal.logging.slf4j.Slf4jLog [main] Current version of schema "organizer": 9
2023-03-09 18:55:46,253 INFO org.flywaydb.core.internal.logging.slf4j.Slf4jLog [main] Schema "organizer" is up to date. No migration necessary.
2023-03-09 18:55:46,410 INFO org.hibernate.jpa.internal.util.LogHelper [main] HHH000204: Processing PersistenceUnitInfo [name: default]
2023-03-09 18:55:46,536 INFO org.hibernate.Version [main] HHH000412: Hibernate ORM core version 5.6.10.Final
2023-03-09 18:55:46,914 INFO org.hibernate.annotations.common.reflection.java.JavaReflectionManager [main] HCANN000001: Hibernate Commons Annotations {5.1.2.Final}
2023-03-09 18:55:47,140 INFO com.zaxxer.hikari.HikariDataSource [main] HikariPool-1 - Starting...
2023-03-09 18:55:47,345 INFO com.zaxxer.hikari.HikariDataSource [main] HikariPool-1 - Start completed.
2023-03-09 18:55:47,374 INFO org.hibernate.dialect.Dialect [main] HHH000400: Using dialect: org.hibernate.dialect.PostgreSQL95Dialect
2023-03-09 18:55:49,240 INFO org.hibernate.engine.transaction.jta.platform.internal.JtaPlatformInitiator [main] HHH000490: Using JtaPlatform implementation: [org.hibernate.engine.transaction.jta.platform.internal.NoJtaPlatform]
2023-03-09 18:55:49,251 INFO org.springframework.orm.jpa.AbstractEntityManagerFactoryBean [main] Initialized JPA EntityManagerFactory for persistence unit 'default'
2023-03-09 18:55:51,001 WARN org.springframework.boot.autoconfigure.orm.jpa.JpaBaseConfiguration$JpaWebConfiguration [main] spring.jpa.open-in-view is enabled by default. Therefore, database queries may be performed during view rendering. Explicitly configure spring.jpa.open-in-view to disable this warning
2023-03-09 18:55:52,484 INFO org.springframework.security.web.DefaultSecurityFilterChain [main] Will secure any request with [org.springframework.security.web.session.DisableEncodeUrlFilter@63d43a5, org.springframework.security.web.context.request.async.WebAsyncManagerIntegrationFilter@55159007, org.springframework.security.web.context.SecurityContextPersistenceFilter@5cfa9e8a, org.springframework.security.web.header.HeaderWriterFilter@77511e9c, org.springframework.web.filter.CorsFilter@edf4973, org.springframework.security.web.authentication.logout.LogoutFilter@e60c466, by.itstep.organizaer.security.AuthFilter@7388486e, org.springframework.security.web.savedrequest.RequestCacheAwareFilter@22942eff, org.springframework.security.web.servletapi.SecurityContextHolderAwareRequestFilter@26bbbe9e, org.springframework.security.web.authentication.AnonymousAuthenticationFilter@2a49753, org.springframework.security.web.session.SessionManagementFilter@4f8641d1, org.springframework.security.web.access.ExceptionTranslationFilter@4e312811, org.springframework.security.web.access.intercept.AuthorizationFilter@19f9404d]
2023-03-09 18:55:53,051 INFO org.apache.juli.logging.DirectJDKLog [main] Starting ProtocolHandler ["http-nio-8080"]
2023-03-09 18:55:53,086 INFO org.springframework.boot.web.embedded.tomcat.TomcatWebServer [main] Tomcat started on port(s): 8080 (http) with context path ''
2023-03-09 18:55:53,109 INFO org.springframework.boot.StartupInfoLogger [main] Started OrganizaerApplication in 13.138 seconds (JVM running for 14.107)
2023-03-09 18:56:06,398 INFO org.apache.juli.logging.DirectJDKLog [http-nio-8080-exec-1] Initializing Spring DispatcherServlet 'dispatcherServlet'
2023-03-09 18:56:06,398 INFO org.springframework.web.servlet.FrameworkServlet [http-nio-8080-exec-1] Initializing Servlet 'dispatcherServlet'
2023-03-09 18:56:06,399 INFO org.springframework.web.servlet.FrameworkServlet [http-nio-8080-exec-1] Completed initialization in 1 ms
2023-03-09 18:56:08,161 INFO org.springdoc.api.AbstractOpenApiResource [http-nio-8080-exec-8] Init duration for springdoc-openapi is: 1357 ms
2023-03-09 18:58:37,980 INFO org.springframework.orm.jpa.AbstractEntityManagerFactoryBean [SpringApplicationShutdownHook] Closing JPA EntityManagerFactory for persistence unit 'default'
2023-03-09 18:58:37,984 INFO com.zaxxer.hikari.HikariDataSource [SpringApplicationShutdownHook] HikariPool-1 - Shutdown initiated...
2023-03-09 18:58:37,992 INFO com.zaxxer.hikari.HikariDataSource [SpringApplicationShutdownHook] HikariPool-1 - Shutdown completed.
2023-03-09 18:58:46,389 INFO org.hibernate.validator.internal.util.Version [background-preinit] HV000001: Hibernate Validator 6.2.4.Final
2023-03-09 18:58:46,392 INFO org.springframework.boot.StartupInfoLogger [main] Starting OrganizaerApplication using Java 11.0.12 on PR-CAB2 with PID 9948 (D:\JavaGr\projects\organizaer\target\classes started by itstep in D:\JavaGr\projects\organizaer)
2023-03-09 18:58:46,395 INFO org.springframework.boot.SpringApplication [main] No active profile set, falling back to 1 default profile: "default"
2023-03-09 18:58:48,508 INFO org.springframework.data.repository.config.RepositoryConfigurationDelegate [main] Bootstrapping Spring Data JPA repositories in DEFAULT mode.
2023-03-09 18:58:48,735 INFO org.springframework.data.repository.config.RepositoryConfigurationDelegate [main] Finished Spring Data repository scanning in 213 ms. Found 6 JPA repository interfaces.
2023-03-09 18:58:50,479 INFO org.springframework.boot.web.embedded.tomcat.TomcatWebServer [main] Tomcat initialized with port(s): 8080 (http)
2023-03-09 18:58:50,500 INFO org.apache.juli.logging.DirectJDKLog [main] Initializing ProtocolHandler ["http-nio-8080"]
2023-03-09 18:58:50,501 INFO org.apache.juli.logging.DirectJDKLog [main] Starting service [Tomcat]
2023-03-09 18:58:50,502 INFO org.apache.juli.logging.DirectJDKLog [main] Starting Servlet engine: [Apache Tomcat/9.0.65]
2023-03-09 18:58:50,833 INFO org.apache.juli.logging.DirectJDKLog [main] Initializing Spring embedded WebApplicationContext
2023-03-09 18:58:50,834 INFO org.springframework.boot.web.servlet.context.ServletWebServerApplicationContext [main] Root WebApplicationContext: initialization completed in 4356 ms
2023-03-09 18:58:51,211 INFO org.flywaydb.core.internal.logging.slf4j.Slf4jLog [main] Flyway Community Edition 9.6.0 by Redgate
2023-03-09 18:58:51,211 INFO org.flywaydb.core.internal.logging.slf4j.Slf4jLog [main] See what's new here: https://flywaydb.org/documentation/learnmore/releaseNotes#9.6.0
2023-03-09 18:58:51,212 INFO org.flywaydb.core.internal.logging.slf4j.Slf4jLog [main] 
2023-03-09 18:58:51,535 INFO org.flywaydb.core.internal.logging.slf4j.Slf4jLog [main] Database: jdbc:postgresql://localhost:5432/postgres (PostgreSQL 13.8)
2023-03-09 18:58:51,632 INFO org.flywaydb.core.internal.logging.slf4j.Slf4jLog [main] Successfully validated 10 migrations (execution time 00:00.045s)
2023-03-09 18:58:51,729 INFO org.flywaydb.core.internal.logging.slf4j.Slf4jLog [main] Current version of schema "organizer": 9
2023-03-09 18:58:51,730 INFO org.flywaydb.core.internal.logging.slf4j.Slf4jLog [main] Schema "organizer" is up to date. No migration necessary.
2023-03-09 18:58:51,871 INFO org.hibernate.jpa.internal.util.LogHelper [main] HHH000204: Processing PersistenceUnitInfo [name: default]
2023-03-09 18:58:51,949 INFO org.hibernate.Version [main] HHH000412: Hibernate ORM core version 5.6.10.Final
2023-03-09 18:58:52,231 INFO org.hibernate.annotations.common.reflection.java.JavaReflectionManager [main] HCANN000001: Hibernate Commons Annotations {5.1.2.Final}
2023-03-09 18:58:52,425 INFO com.zaxxer.hikari.HikariDataSource [main] HikariPool-1 - Starting...
2023-03-09 18:58:52,636 INFO com.zaxxer.hikari.HikariDataSource [main] HikariPool-1 - Start completed.
2023-03-09 18:58:52,656 INFO org.hibernate.dialect.Dialect [main] HHH000400: Using dialect: org.hibernate.dialect.PostgreSQL95Dialect
2023-03-09 18:58:54,040 INFO org.hibernate.engine.transaction.jta.platform.internal.JtaPlatformInitiator [main] HHH000490: Using JtaPlatform implementation: [org.hibernate.engine.transaction.jta.platform.internal.NoJtaPlatform]
2023-03-09 18:58:54,048 INFO org.springframework.orm.jpa.AbstractEntityManagerFactoryBean [main] Initialized JPA EntityManagerFactory for persistence unit 'default'
2023-03-09 18:58:55,766 WARN org.springframework.boot.autoconfigure.orm.jpa.JpaBaseConfiguration$JpaWebConfiguration [main] spring.jpa.open-in-view is enabled by default. Therefore, database queries may be performed during view rendering. Explicitly configure spring.jpa.open-in-view to disable this warning
2023-03-09 18:58:57,219 INFO org.springframework.security.web.DefaultSecurityFilterChain [main] Will secure any request with [org.springframework.security.web.session.DisableEncodeUrlFilter@219ec4b6, org.springframework.security.web.context.request.async.WebAsyncManagerIntegrationFilter@cdc09d, org.springframework.security.web.context.SecurityContextPersistenceFilter@17d83fe4, org.springframework.security.web.header.HeaderWriterFilter@4cd079fe, org.springframework.web.filter.CorsFilter@31c29db1, org.springframework.security.web.authentication.logout.LogoutFilter@2ae07dbd, by.itstep.organizaer.security.AuthFilter@75882ac2, org.springframework.security.web.savedrequest.RequestCacheAwareFilter@6fd07a56, org.springframework.security.web.servletapi.SecurityContextHolderAwareRequestFilter@1315befe, org.springframework.security.web.authentication.AnonymousAuthenticationFilter@751526a7, org.springframework.security.web.session.SessionManagementFilter@6d70e68b, org.springframework.security.web.access.ExceptionTranslationFilter@4e8b36af, org.springframework.security.web.access.intercept.AuthorizationFilter@ce5a2ea]
2023-03-09 18:58:57,785 INFO org.apache.juli.logging.DirectJDKLog [main] Starting ProtocolHandler ["http-nio-8080"]
2023-03-09 18:58:57,824 INFO org.springframework.boot.web.embedded.tomcat.TomcatWebServer [main] Tomcat started on port(s): 8080 (http) with context path ''
2023-03-09 18:58:57,849 INFO org.springframework.boot.StartupInfoLogger [main] Started OrganizaerApplication in 12.622 seconds (JVM running for 13.496)
2023-03-09 18:59:00,000 INFO org.apache.juli.logging.DirectJDKLog [http-nio-8080-exec-1] Initializing Spring DispatcherServlet 'dispatcherServlet'
2023-03-09 18:59:00,000 INFO org.springframework.web.servlet.FrameworkServlet [http-nio-8080-exec-1] Initializing Servlet 'dispatcherServlet'
2023-03-09 18:59:00,002 INFO org.springframework.web.servlet.FrameworkServlet [http-nio-8080-exec-1] Completed initialization in 2 ms
2023-03-09 18:59:01,975 INFO org.springdoc.api.AbstractOpenApiResource [http-nio-8080-exec-8] Init duration for springdoc-openapi is: 1466 ms
2023-03-09 19:04:21,446 INFO org.springframework.orm.jpa.AbstractEntityManagerFactoryBean [SpringApplicationShutdownHook] Closing JPA EntityManagerFactory for persistence unit 'default'
2023-03-09 19:04:21,448 INFO com.zaxxer.hikari.HikariDataSource [SpringApplicationShutdownHook] HikariPool-1 - Shutdown initiated...
2023-03-09 19:04:21,459 INFO com.zaxxer.hikari.HikariDataSource [SpringApplicationShutdownHook] HikariPool-1 - Shutdown completed.
2023-03-09 19:04:28,736 INFO org.hibernate.validator.internal.util.Version [background-preinit] HV000001: Hibernate Validator 6.2.4.Final
2023-03-09 19:04:28,745 INFO org.springframework.boot.StartupInfoLogger [main] Starting OrganizaerApplication using Java 11.0.12 on PR-CAB2 with PID 12764 (D:\JavaGr\projects\organizaer\target\classes started by itstep in D:\JavaGr\projects\organizaer)
2023-03-09 19:04:28,747 INFO org.springframework.boot.SpringApplication [main] No active profile set, falling back to 1 default profile: "default"
2023-03-09 19:04:30,400 INFO org.springframework.data.repository.config.RepositoryConfigurationDelegate [main] Bootstrapping Spring Data JPA repositories in DEFAULT mode.
2023-03-09 19:04:30,575 INFO org.springframework.data.repository.config.RepositoryConfigurationDelegate [main] Finished Spring Data repository scanning in 160 ms. Found 6 JPA repository interfaces.
2023-03-09 19:04:31,908 INFO org.springframework.boot.web.embedded.tomcat.TomcatWebServer [main] Tomcat initialized with port(s): 8080 (http)
2023-03-09 19:04:31,930 INFO org.apache.juli.logging.DirectJDKLog [main] Initializing ProtocolHandler ["http-nio-8080"]
2023-03-09 19:04:31,932 INFO org.apache.juli.logging.DirectJDKLog [main] Starting service [Tomcat]
2023-03-09 19:04:31,933 INFO org.apache.juli.logging.DirectJDKLog [main] Starting Servlet engine: [Apache Tomcat/9.0.65]
2023-03-09 19:04:32,185 INFO org.apache.juli.logging.DirectJDKLog [main] Initializing Spring embedded WebApplicationContext
2023-03-09 19:04:32,186 INFO org.springframework.boot.web.servlet.context.ServletWebServerApplicationContext [main] Root WebApplicationContext: initialization completed in 3365 ms
2023-03-09 19:04:32,551 INFO org.flywaydb.core.internal.logging.slf4j.Slf4jLog [main] Flyway Community Edition 9.6.0 by Redgate
2023-03-09 19:04:32,552 INFO org.flywaydb.core.internal.logging.slf4j.Slf4jLog [main] See what's new here: https://flywaydb.org/documentation/learnmore/releaseNotes#9.6.0
2023-03-09 19:04:32,553 INFO org.flywaydb.core.internal.logging.slf4j.Slf4jLog [main] 
2023-03-09 19:04:32,875 INFO org.flywaydb.core.internal.logging.slf4j.Slf4jLog [main] Database: jdbc:postgresql://localhost:5432/postgres (PostgreSQL 13.8)
2023-03-09 19:04:32,952 INFO org.flywaydb.core.internal.logging.slf4j.Slf4jLog [main] Successfully validated 10 migrations (execution time 00:00.048s)
2023-03-09 19:04:33,057 INFO org.flywaydb.core.internal.logging.slf4j.Slf4jLog [main] Current version of schema "organizer": 9
2023-03-09 19:04:33,059 INFO org.flywaydb.core.internal.logging.slf4j.Slf4jLog [main] Schema "organizer" is up to date. No migration necessary.
2023-03-09 19:04:33,211 INFO org.hibernate.jpa.internal.util.LogHelper [main] HHH000204: Processing PersistenceUnitInfo [name: default]
2023-03-09 19:04:33,288 INFO org.hibernate.Version [main] HHH000412: Hibernate ORM core version 5.6.10.Final
2023-03-09 19:04:33,578 INFO org.hibernate.annotations.common.reflection.java.JavaReflectionManager [main] HCANN000001: Hibernate Commons Annotations {5.1.2.Final}
2023-03-09 19:04:33,762 INFO com.zaxxer.hikari.HikariDataSource [main] HikariPool-1 - Starting...
2023-03-09 19:04:33,860 INFO com.zaxxer.hikari.HikariDataSource [main] HikariPool-1 - Start completed.
2023-03-09 19:04:33,883 INFO org.hibernate.dialect.Dialect [main] HHH000400: Using dialect: org.hibernate.dialect.PostgreSQL95Dialect
2023-03-09 19:04:35,228 INFO org.hibernate.engine.transaction.jta.platform.internal.JtaPlatformInitiator [main] HHH000490: Using JtaPlatform implementation: [org.hibernate.engine.transaction.jta.platform.internal.NoJtaPlatform]
2023-03-09 19:04:35,237 INFO org.springframework.orm.jpa.AbstractEntityManagerFactoryBean [main] Initialized JPA EntityManagerFactory for persistence unit 'default'
2023-03-09 19:04:37,130 WARN org.springframework.boot.autoconfigure.orm.jpa.JpaBaseConfiguration$JpaWebConfiguration [main] spring.jpa.open-in-view is enabled by default. Therefore, database queries may be performed during view rendering. Explicitly configure spring.jpa.open-in-view to disable this warning
2023-03-09 19:04:38,483 INFO org.springframework.security.web.DefaultSecurityFilterChain [main] Will secure any request with [org.springframework.security.web.session.DisableEncodeUrlFilter@277dddcf, org.springframework.security.web.context.request.async.WebAsyncManagerIntegrationFilter@321c01c2, org.springframework.security.web.context.SecurityContextPersistenceFilter@71f042b1, org.springframework.security.web.header.HeaderWriterFilter@2bd158ea, org.springframework.web.filter.CorsFilter@d5eca06, org.springframework.security.web.authentication.logout.LogoutFilter@501b15b9, by.itstep.organizaer.security.AuthFilter@408b2ae2, org.springframework.security.web.savedrequest.RequestCacheAwareFilter@32182bf8, org.springframework.security.web.servletapi.SecurityContextHolderAwareRequestFilter@75aeec0a, org.springframework.security.web.authentication.AnonymousAuthenticationFilter@79169472, org.springframework.security.web.session.SessionManagementFilter@4088c5e6, org.springframework.security.web.access.ExceptionTranslationFilter@3dcf6026, org.springframework.security.web.access.intercept.AuthorizationFilter@2396dc4e]
2023-03-09 19:04:39,054 INFO org.apache.juli.logging.DirectJDKLog [main] Starting ProtocolHandler ["http-nio-8080"]
2023-03-09 19:04:39,091 INFO org.springframework.boot.web.embedded.tomcat.TomcatWebServer [main] Tomcat started on port(s): 8080 (http) with context path ''
2023-03-09 19:04:39,111 INFO org.springframework.boot.StartupInfoLogger [main] Started OrganizaerApplication in 11.302 seconds (JVM running for 12.105)
2023-03-09 19:04:45,247 INFO org.apache.juli.logging.DirectJDKLog [http-nio-8080-exec-1] Initializing Spring DispatcherServlet 'dispatcherServlet'
2023-03-09 19:04:45,247 INFO org.springframework.web.servlet.FrameworkServlet [http-nio-8080-exec-1] Initializing Servlet 'dispatcherServlet'
2023-03-09 19:04:45,249 INFO org.springframework.web.servlet.FrameworkServlet [http-nio-8080-exec-1] Completed initialization in 1 ms
2023-03-09 19:04:47,078 INFO org.springdoc.api.AbstractOpenApiResource [http-nio-8080-exec-9] Init duration for springdoc-openapi is: 1368 ms
2023-03-09 19:49:00,295 WARN org.hibernate.engine.jdbc.spi.SqlExceptionHelper [scheduling-1] SQL Error: 0, SQLState: 42703
2023-03-09 19:49:00,295 ERROR org.hibernate.engine.jdbc.spi.SqlExceptionHelper [scheduling-1] ОШИБКА: столбец "account_id_seq" не существует
  Позиция: 16
2023-03-09 19:49:00,308 ERROR org.springframework.scheduling.support.TaskUtils$LoggingErrorHandler [scheduling-1] Unexpected error occurred in scheduled task
org.springframework.dao.InvalidDataAccessResourceUsageException: could not extract ResultSet; SQL [n/a]; nested exception is org.hibernate.exception.SQLGrammarException: could not extract ResultSet
	at org.springframework.orm.jpa.vendor.HibernateJpaDialect.convertHibernateAccessException(HibernateJpaDialect.java:259)
	at org.springframework.orm.jpa.vendor.HibernateJpaDialect.translateExceptionIfPossible(HibernateJpaDialect.java:233)
	at org.springframework.orm.jpa.AbstractEntityManagerFactoryBean.translateExceptionIfPossible(AbstractEntityManagerFactoryBean.java:551)
	at org.springframework.dao.support.ChainedPersistenceExceptionTranslator.translateExceptionIfPossible(ChainedPersistenceExceptionTranslator.java:61)
	at org.springframework.dao.support.DataAccessUtils.translateIfNecessary(DataAccessUtils.java:242)
	at org.springframework.dao.support.PersistenceExceptionTranslationInterceptor.invoke(PersistenceExceptionTranslationInterceptor.java:152)
	at org.springframework.aop.framework.ReflectiveMethodInvocation.proceed(ReflectiveMethodInvocation.java:186)
	at org.springframework.data.jpa.repository.support.CrudMethodMetadataPostProcessor$CrudMethodMetadataPopulatingMethodInterceptor.invoke(CrudMethodMetadataPostProcessor.java:145)
	at org.springframework.aop.framework.ReflectiveMethodInvocation.proceed(ReflectiveMethodInvocation.java:186)
	at org.springframework.aop.interceptor.ExposeInvocationInterceptor.invoke(ExposeInvocationInterceptor.java:97)
	at org.springframework.aop.framework.ReflectiveMethodInvocation.proceed(ReflectiveMethodInvocation.java:186)
	at org.springframework.aop.framework.JdkDynamicAopProxy.invoke(JdkDynamicAopProxy.java:215)
	at com.sun.proxy.$Proxy144.findCurrentSeq(Unknown Source)
	at by.itstep.organizaer.service.analitycs.ArchivationService.doArchive(ArchivationService.java:55)
	at by.itstep.organizaer.service.analitycs.ArchivationService.archiveEvening(ArchivationService.java:44)
	at by.itstep.organizaer.service.analitycs.ArchivationService$$FastClassBySpringCGLIB$$183f95c6.invoke(<generated>)
	at org.springframework.cglib.proxy.MethodProxy.invoke(MethodProxy.java:218)
	at org.springframework.aop.framework.CglibAopProxy$CglibMethodInvocation.invokeJoinpoint(CglibAopProxy.java:793)
	at org.springframework.aop.framework.ReflectiveMethodInvocation.proceed(ReflectiveMethodInvocation.java:163)
	at org.springframework.aop.framework.CglibAopProxy$CglibMethodInvocation.proceed(CglibAopProxy.java:763)
	at org.springframework.transaction.interceptor.TransactionInterceptor$1.proceedWithInvocation(TransactionInterceptor.java:123)
	at org.springframework.transaction.interceptor.TransactionAspectSupport.invokeWithinTransaction(TransactionAspectSupport.java:388)
	at org.springframework.transaction.interceptor.TransactionInterceptor.invoke(TransactionInterceptor.java:119)
	at org.springframework.aop.framework.ReflectiveMethodInvocation.proceed(ReflectiveMethodInvocation.java:186)
	at org.springframework.aop.framework.CglibAopProxy$CglibMethodInvocation.proceed(CglibAopProxy.java:763)
	at org.springframework.aop.framework.CglibAopProxy$DynamicAdvisedInterceptor.intercept(CglibAopProxy.java:708)
	at by.itstep.organizaer.service.analitycs.ArchivationService$$EnhancerBySpringCGLIB$$13108a20.archiveEvening(<generated>)
	at java.base/jdk.internal.reflect.NativeMethodAccessorImpl.invoke0(Native Method)
	at java.base/jdk.internal.reflect.NativeMethodAccessorImpl.invoke(NativeMethodAccessorImpl.java:62)
	at java.base/jdk.internal.reflect.DelegatingMethodAccessorImpl.invoke(DelegatingMethodAccessorImpl.java:43)
	at java.base/java.lang.reflect.Method.invoke(Method.java:566)
	at org.springframework.scheduling.support.ScheduledMethodRunnable.run(ScheduledMethodRunnable.java:84)
	at org.springframework.scheduling.support.DelegatingErrorHandlingRunnable.run(DelegatingErrorHandlingRunnable.java:54)
	at org.springframework.scheduling.concurrent.ReschedulingRunnable.run(ReschedulingRunnable.java:95)
	at java.base/java.util.concurrent.Executors$RunnableAdapter.call(Executors.java:515)
	at java.base/java.util.concurrent.FutureTask.run(FutureTask.java:264)
	at java.base/java.util.concurrent.ScheduledThreadPoolExecutor$ScheduledFutureTask.run(ScheduledThreadPoolExecutor.java:304)
	at java.base/java.util.concurrent.ThreadPoolExecutor.runWorker(ThreadPoolExecutor.java:1128)
	at java.base/java.util.concurrent.ThreadPoolExecutor$Worker.run(ThreadPoolExecutor.java:628)
	at java.base/java.lang.Thread.run(Thread.java:829)
Caused by: org.hibernate.exception.SQLGrammarException: could not extract ResultSet
	at org.hibernate.exception.internal.SQLStateConversionDelegate.convert(SQLStateConversionDelegate.java:103)
	at org.hibernate.exception.internal.StandardSQLExceptionConverter.convert(StandardSQLExceptionConverter.java:37)
	at org.hibernate.engine.jdbc.spi.SqlExceptionHelper.convert(SqlExceptionHelper.java:113)
	at org.hibernate.engine.jdbc.spi.SqlExceptionHelper.convert(SqlExceptionHelper.java:99)
	at org.hibernate.engine.jdbc.internal.ResultSetReturnImpl.extract(ResultSetReturnImpl.java:67)
	at org.hibernate.loader.Loader.getResultSet(Loader.java:2322)
	at org.hibernate.loader.Loader.executeQueryStatement(Loader.java:2075)
	at org.hibernate.loader.Loader.executeQueryStatement(Loader.java:2037)
	at org.hibernate.loader.Loader.doQuery(Loader.java:956)
	at org.hibernate.loader.Loader.doQueryAndInitializeNonLazyCollections(Loader.java:357)
	at org.hibernate.loader.Loader.doList(Loader.java:2868)
	at org.hibernate.loader.Loader.doList(Loader.java:2850)
	at org.hibernate.loader.Loader.listIgnoreQueryCache(Loader.java:2682)
	at org.hibernate.loader.Loader.list(Loader.java:2677)
	at org.hibernate.loader.custom.CustomLoader.list(CustomLoader.java:338)
	at org.hibernate.internal.SessionImpl.listCustomQuery(SessionImpl.java:2186)
	at org.hibernate.internal.AbstractSharedSessionContract.list(AbstractSharedSessionContract.java:1204)
	at org.hibernate.query.internal.NativeQueryImpl.doList(NativeQueryImpl.java:177)
	at org.hibernate.query.internal.AbstractProducedQuery.list(AbstractProducedQuery.java:1617)
	at org.hibernate.query.internal.AbstractProducedQuery.getSingleResult(AbstractProducedQuery.java:1665)
	at org.springframework.data.jpa.repository.query.JpaQueryExecution$SingleEntityExecution.doExecute(JpaQueryExecution.java:198)
	at org.springframework.data.jpa.repository.query.JpaQueryExecution.execute(JpaQueryExecution.java:90)
	at org.springframework.data.jpa.repository.query.AbstractJpaQuery.doExecute(AbstractJpaQuery.java:156)
	at org.springframework.data.jpa.repository.query.AbstractJpaQuery.execute(AbstractJpaQuery.java:144)
	at org.springframework.data.repository.core.support.RepositoryMethodInvoker.doInvoke(RepositoryMethodInvoker.java:137)
	at org.springframework.data.repository.core.support.RepositoryMethodInvoker.invoke(RepositoryMethodInvoker.java:121)
	at org.springframework.data.repository.core.support.QueryExecutorMethodInterceptor.doInvoke(QueryExecutorMethodInterceptor.java:160)
	at org.springframework.data.repository.core.support.QueryExecutorMethodInterceptor.invoke(QueryExecutorMethodInterceptor.java:139)
	at org.springframework.aop.framework.ReflectiveMethodInvocation.proceed(ReflectiveMethodInvocation.java:186)
	at org.springframework.data.projection.DefaultMethodInvokingMethodInterceptor.invoke(DefaultMethodInvokingMethodInterceptor.java:81)
	at org.springframework.aop.framework.ReflectiveMethodInvocation.proceed(ReflectiveMethodInvocation.java:186)
	at org.springframework.transaction.interceptor.TransactionInterceptor$1.proceedWithInvocation(TransactionInterceptor.java:123)
	at org.springframework.transaction.interceptor.TransactionAspectSupport.invokeWithinTransaction(TransactionAspectSupport.java:388)
	at org.springframework.transaction.interceptor.TransactionInterceptor.invoke(TransactionInterceptor.java:119)
	at org.springframework.aop.framework.ReflectiveMethodInvocation.proceed(ReflectiveMethodInvocation.java:186)
	at org.springframework.dao.support.PersistenceExceptionTranslationInterceptor.invoke(PersistenceExceptionTranslationInterceptor.java:137)
	... 34 common frames omitted
Caused by: org.postgresql.util.PSQLException: ОШИБКА: столбец "account_id_seq" не существует
  Позиция: 16
	at org.postgresql.core.v3.QueryExecutorImpl.receiveErrorResponse(QueryExecutorImpl.java:2676)
	at org.postgresql.core.v3.QueryExecutorImpl.processResults(QueryExecutorImpl.java:2366)
	at org.postgresql.core.v3.QueryExecutorImpl.execute(QueryExecutorImpl.java:356)
	at org.postgresql.jdbc.PgStatement.executeInternal(PgStatement.java:496)
	at org.postgresql.jdbc.PgStatement.execute(PgStatement.java:413)
	at org.postgresql.jdbc.PgPreparedStatement.executeWithFlags(PgPreparedStatement.java:190)
	at org.postgresql.jdbc.PgPreparedStatement.executeQuery(PgPreparedStatement.java:134)
	at com.zaxxer.hikari.pool.ProxyPreparedStatement.executeQuery(ProxyPreparedStatement.java:52)
	at com.zaxxer.hikari.pool.HikariProxyPreparedStatement.executeQuery(HikariProxyPreparedStatement.java)
	at org.hibernate.engine.jdbc.internal.ResultSetReturnImpl.extract(ResultSetReturnImpl.java:57)
	... 65 common frames omitted
2023-03-09 20:52:46,435 INFO org.springframework.boot.StartupInfoLogger [main] Starting OrganizaerApplicationTests using Java 13.0.2 on PR-CAB2 with PID 11448 (started by itstep in D:\JavaGr\projects\organizaer)
2023-03-09 20:52:46,438 INFO org.springframework.boot.SpringApplication [main] No active profile set, falling back to 1 default profile: "default"
2023-03-09 20:52:46,480 INFO org.hibernate.validator.internal.util.Version [background-preinit] HV000001: Hibernate Validator 6.2.4.Final
2023-03-09 20:52:48,357 INFO org.springframework.data.repository.config.RepositoryConfigurationDelegate [main] Bootstrapping Spring Data JPA repositories in DEFAULT mode.
2023-03-09 20:52:48,523 INFO org.springframework.data.repository.config.RepositoryConfigurationDelegate [main] Finished Spring Data repository scanning in 153 ms. Found 6 JPA repository interfaces.
2023-03-09 20:52:49,937 INFO org.flywaydb.core.internal.logging.slf4j.Slf4jLog [main] Flyway Community Edition 9.6.0 by Redgate
2023-03-09 20:52:49,939 INFO org.flywaydb.core.internal.logging.slf4j.Slf4jLog [main] See what's new here: https://flywaydb.org/documentation/learnmore/releaseNotes#9.6.0
2023-03-09 20:52:49,940 INFO org.flywaydb.core.internal.logging.slf4j.Slf4jLog [main] 
2023-03-09 20:52:50,566 INFO org.flywaydb.core.internal.logging.slf4j.Slf4jLog [main] Database: jdbc:postgresql://localhost:5432/postgres (PostgreSQL 13.8)
2023-03-09 20:52:50,681 INFO org.flywaydb.core.internal.logging.slf4j.Slf4jLog [main] Successfully validated 10 migrations (execution time 00:00.059s)
2023-03-09 20:52:50,774 INFO org.flywaydb.core.internal.logging.slf4j.Slf4jLog [main] Current version of schema "organizer": 9
2023-03-09 20:52:50,776 INFO org.flywaydb.core.internal.logging.slf4j.Slf4jLog [main] Schema "organizer" is up to date. No migration necessary.
2023-03-09 20:52:51,118 INFO org.hibernate.jpa.internal.util.LogHelper [main] HHH000204: Processing PersistenceUnitInfo [name: default]
2023-03-09 20:52:51,248 INFO org.hibernate.Version [main] HHH000412: Hibernate ORM core version 5.6.10.Final
2023-03-09 20:52:51,601 INFO org.hibernate.annotations.common.reflection.java.JavaReflectionManager [main] HCANN000001: Hibernate Commons Annotations {5.1.2.Final}
2023-03-09 20:52:51,799 INFO com.zaxxer.hikari.HikariDataSource [main] HikariPool-1 - Starting...
2023-03-09 20:52:51,917 INFO com.zaxxer.hikari.HikariDataSource [main] HikariPool-1 - Start completed.
2023-03-09 20:52:51,954 INFO org.hibernate.dialect.Dialect [main] HHH000400: Using dialect: org.hibernate.dialect.PostgreSQL95Dialect
2023-03-09 20:52:53,327 INFO org.hibernate.engine.transaction.jta.platform.internal.JtaPlatformInitiator [main] HHH000490: Using JtaPlatform implementation: [org.hibernate.engine.transaction.jta.platform.internal.NoJtaPlatform]
2023-03-09 20:52:53,341 INFO org.springframework.orm.jpa.AbstractEntityManagerFactoryBean [main] Initialized JPA EntityManagerFactory for persistence unit 'default'
2023-03-09 20:52:55,754 WARN org.springframework.boot.autoconfigure.orm.jpa.JpaBaseConfiguration$JpaWebConfiguration [main] spring.jpa.open-in-view is enabled by default. Therefore, database queries may be performed during view rendering. Explicitly configure spring.jpa.open-in-view to disable this warning
2023-03-09 20:52:58,172 INFO org.springframework.security.web.DefaultSecurityFilterChain [main] Will secure any request with [org.springframework.security.web.session.DisableEncodeUrlFilter@757ad227, org.springframework.security.web.context.request.async.WebAsyncManagerIntegrationFilter@4b718c45, org.springframework.security.web.context.SecurityContextPersistenceFilter@7d381eae, org.springframework.security.web.header.HeaderWriterFilter@3d67e3d3, org.springframework.web.filter.CorsFilter@25639668, org.springframework.security.web.authentication.logout.LogoutFilter@7db679, by.itstep.organizaer.security.AuthFilter@526f8cb0, org.springframework.security.web.savedrequest.RequestCacheAwareFilter@212be8c, org.springframework.security.web.servletapi.SecurityContextHolderAwareRequestFilter@3fe21d0e, org.springframework.security.web.authentication.AnonymousAuthenticationFilter@2c1b10f2, org.springframework.security.web.session.SessionManagementFilter@13f17b8f, org.springframework.security.web.access.ExceptionTranslationFilter@3b7b099b, org.springframework.security.web.access.intercept.AuthorizationFilter@3985175e]
2023-03-09 20:52:59,930 INFO org.springframework.boot.StartupInfoLogger [main] Started OrganizaerApplicationTests in 14.288 seconds (JVM running for 16.182)
2023-03-09 20:53:00,640 INFO org.springframework.orm.jpa.AbstractEntityManagerFactoryBean [SpringApplicationShutdownHook] Closing JPA EntityManagerFactory for persistence unit 'default'
2023-03-09 20:53:00,646 INFO com.zaxxer.hikari.HikariDataSource [SpringApplicationShutdownHook] HikariPool-1 - Shutdown initiated...
2023-03-09 20:53:00,656 INFO com.zaxxer.hikari.HikariDataSource [SpringApplicationShutdownHook] HikariPool-1 - Shutdown completed.
2023-03-09 20:54:19,364 INFO org.springframework.boot.StartupInfoLogger [main] Starting OrganizaerApplicationTests using Java 13.0.2 on PR-CAB2 with PID 7468 (started by itstep in D:\JavaGr\projects\organizaer)
2023-03-09 20:54:19,367 INFO org.springframework.boot.SpringApplication [main] No active profile set, falling back to 1 default profile: "default"
2023-03-09 20:54:19,377 INFO org.hibernate.validator.internal.util.Version [background-preinit] HV000001: Hibernate Validator 6.2.4.Final
2023-03-09 20:54:21,205 INFO org.springframework.data.repository.config.RepositoryConfigurationDelegate [main] Bootstrapping Spring Data JPA repositories in DEFAULT mode.
2023-03-09 20:54:21,383 INFO org.springframework.data.repository.config.RepositoryConfigurationDelegate [main] Finished Spring Data repository scanning in 161 ms. Found 6 JPA repository interfaces.
2023-03-09 20:54:22,691 INFO org.flywaydb.core.internal.logging.slf4j.Slf4jLog [main] Flyway Community Edition 9.6.0 by Redgate
2023-03-09 20:54:22,692 INFO org.flywaydb.core.internal.logging.slf4j.Slf4jLog [main] See what's new here: https://flywaydb.org/documentation/learnmore/releaseNotes#9.6.0
2023-03-09 20:54:22,693 INFO org.flywaydb.core.internal.logging.slf4j.Slf4jLog [main] 
2023-03-09 20:54:23,362 INFO org.flywaydb.core.internal.logging.slf4j.Slf4jLog [main] Database: jdbc:postgresql://localhost:5432/postgres (PostgreSQL 13.8)
2023-03-09 20:54:23,465 INFO org.flywaydb.core.internal.logging.slf4j.Slf4jLog [main] Successfully validated 10 migrations (execution time 00:00.065s)
2023-03-09 20:54:23,565 INFO org.flywaydb.core.internal.logging.slf4j.Slf4jLog [main] Current version of schema "organizer": 9
2023-03-09 20:54:23,569 INFO org.flywaydb.core.internal.logging.slf4j.Slf4jLog [main] Schema "organizer" is up to date. No migration necessary.
2023-03-09 20:54:23,969 INFO org.hibernate.jpa.internal.util.LogHelper [main] HHH000204: Processing PersistenceUnitInfo [name: default]
2023-03-09 20:54:24,121 INFO org.hibernate.Version [main] HHH000412: Hibernate ORM core version 5.6.10.Final
2023-03-09 20:54:24,461 INFO org.hibernate.annotations.common.reflection.java.JavaReflectionManager [main] HCANN000001: Hibernate Commons Annotations {5.1.2.Final}
2023-03-09 20:54:24,700 INFO com.zaxxer.hikari.HikariDataSource [main] HikariPool-1 - Starting...
2023-03-09 20:54:24,774 INFO com.zaxxer.hikari.HikariDataSource [main] HikariPool-1 - Start completed.
2023-03-09 20:54:24,794 INFO org.hibernate.dialect.Dialect [main] HHH000400: Using dialect: org.hibernate.dialect.PostgreSQL95Dialect
2023-03-09 20:54:26,128 INFO org.hibernate.engine.transaction.jta.platform.internal.JtaPlatformInitiator [main] HHH000490: Using JtaPlatform implementation: [org.hibernate.engine.transaction.jta.platform.internal.NoJtaPlatform]
2023-03-09 20:54:26,141 INFO org.springframework.orm.jpa.AbstractEntityManagerFactoryBean [main] Initialized JPA EntityManagerFactory for persistence unit 'default'
2023-03-09 20:54:28,622 WARN org.springframework.boot.autoconfigure.orm.jpa.JpaBaseConfiguration$JpaWebConfiguration [main] spring.jpa.open-in-view is enabled by default. Therefore, database queries may be performed during view rendering. Explicitly configure spring.jpa.open-in-view to disable this warning
2023-03-09 20:54:30,977 INFO org.springframework.security.web.DefaultSecurityFilterChain [main] Will secure any request with [org.springframework.security.web.session.DisableEncodeUrlFilter@2a9fd482, org.springframework.security.web.context.request.async.WebAsyncManagerIntegrationFilter@7ca2319f, org.springframework.security.web.context.SecurityContextPersistenceFilter@5058fefb, org.springframework.security.web.header.HeaderWriterFilter@212be8c, org.springframework.web.filter.CorsFilter@653a5a, org.springframework.security.web.authentication.logout.LogoutFilter@3df54fd5, by.itstep.organizaer.security.AuthFilter@5440a3a, org.springframework.security.web.savedrequest.RequestCacheAwareFilter@65871cfd, org.springframework.security.web.servletapi.SecurityContextHolderAwareRequestFilter@723f8990, org.springframework.security.web.authentication.AnonymousAuthenticationFilter@19ce597a, org.springframework.security.web.session.SessionManagementFilter@703947bd, org.springframework.security.web.access.ExceptionTranslationFilter@1fc4b8d6, org.springframework.security.web.access.intercept.AuthorizationFilter@38224635]
2023-03-09 20:54:32,536 INFO org.springframework.boot.StartupInfoLogger [main] Started OrganizaerApplicationTests in 13.883 seconds (JVM running for 15.495)
2023-03-09 20:54:33,300 INFO org.springframework.orm.jpa.AbstractEntityManagerFactoryBean [SpringApplicationShutdownHook] Closing JPA EntityManagerFactory for persistence unit 'default'
2023-03-09 20:54:33,302 INFO com.zaxxer.hikari.HikariDataSource [SpringApplicationShutdownHook] HikariPool-1 - Shutdown initiated...
2023-03-09 20:54:33,321 INFO com.zaxxer.hikari.HikariDataSource [SpringApplicationShutdownHook] HikariPool-1 - Shutdown completed.
2023-03-09 20:55:15,833 INFO org.springframework.boot.StartupInfoLogger [main] Starting OrganizaerApplicationTests using Java 13.0.2 on PR-CAB2 with PID 11584 (started by itstep in D:\JavaGr\projects\organizaer)
2023-03-09 20:55:15,837 INFO org.springframework.boot.SpringApplication [main] No active profile set, falling back to 1 default profile: "default"
2023-03-09 20:55:15,852 INFO org.hibernate.validator.internal.util.Version [background-preinit] HV000001: Hibernate Validator 6.2.4.Final
2023-03-09 20:55:17,673 INFO org.springframework.data.repository.config.RepositoryConfigurationDelegate [main] Bootstrapping Spring Data JPA repositories in DEFAULT mode.
2023-03-09 20:55:17,832 INFO org.springframework.data.repository.config.RepositoryConfigurationDelegate [main] Finished Spring Data repository scanning in 141 ms. Found 6 JPA repository interfaces.
2023-03-09 20:55:19,179 INFO org.flywaydb.core.internal.logging.slf4j.Slf4jLog [main] Flyway Community Edition 9.6.0 by Redgate
2023-03-09 20:55:19,180 INFO org.flywaydb.core.internal.logging.slf4j.Slf4jLog [main] See what's new here: https://flywaydb.org/documentation/learnmore/releaseNotes#9.6.0
2023-03-09 20:55:19,181 INFO org.flywaydb.core.internal.logging.slf4j.Slf4jLog [main] 
2023-03-09 20:55:19,798 INFO org.flywaydb.core.internal.logging.slf4j.Slf4jLog [main] Database: jdbc:postgresql://localhost:5432/postgres (PostgreSQL 13.8)
2023-03-09 20:55:19,891 INFO org.flywaydb.core.internal.logging.slf4j.Slf4jLog [main] Successfully validated 10 migrations (execution time 00:00.061s)
2023-03-09 20:55:20,021 INFO org.flywaydb.core.internal.logging.slf4j.Slf4jLog [main] Current version of schema "organizer": 9
2023-03-09 20:55:20,028 INFO org.flywaydb.core.internal.logging.slf4j.Slf4jLog [main] Schema "organizer" is up to date. No migration necessary.
2023-03-09 20:55:20,276 INFO org.hibernate.jpa.internal.util.LogHelper [main] HHH000204: Processing PersistenceUnitInfo [name: default]
2023-03-09 20:55:20,382 INFO org.hibernate.Version [main] HHH000412: Hibernate ORM core version 5.6.10.Final
2023-03-09 20:55:20,762 INFO org.hibernate.annotations.common.reflection.java.JavaReflectionManager [main] HCANN000001: Hibernate Commons Annotations {5.1.2.Final}
2023-03-09 20:55:20,994 INFO com.zaxxer.hikari.HikariDataSource [main] HikariPool-1 - Starting...
2023-03-09 20:55:21,101 INFO com.zaxxer.hikari.HikariDataSource [main] HikariPool-1 - Start completed.
2023-03-09 20:55:21,122 INFO org.hibernate.dialect.Dialect [main] HHH000400: Using dialect: org.hibernate.dialect.PostgreSQL95Dialect
2023-03-09 20:55:22,643 INFO org.hibernate.engine.transaction.jta.platform.internal.JtaPlatformInitiator [main] HHH000490: Using JtaPlatform implementation: [org.hibernate.engine.transaction.jta.platform.internal.NoJtaPlatform]
2023-03-09 20:55:22,659 INFO org.springframework.orm.jpa.AbstractEntityManagerFactoryBean [main] Initialized JPA EntityManagerFactory for persistence unit 'default'
2023-03-09 20:55:25,071 WARN org.springframework.boot.autoconfigure.orm.jpa.JpaBaseConfiguration$JpaWebConfiguration [main] spring.jpa.open-in-view is enabled by default. Therefore, database queries may be performed during view rendering. Explicitly configure spring.jpa.open-in-view to disable this warning
2023-03-09 20:55:27,277 INFO org.springframework.security.web.DefaultSecurityFilterChain [main] Will secure any request with [org.springframework.security.web.session.DisableEncodeUrlFilter@4b718c45, org.springframework.security.web.context.request.async.WebAsyncManagerIntegrationFilter@25639668, org.springframework.security.web.context.SecurityContextPersistenceFilter@cce672c, org.springframework.security.web.header.HeaderWriterFilter@13f17b8f, org.springframework.web.filter.CorsFilter@2c1b10f2, org.springframework.security.web.authentication.logout.LogoutFilter@188532da, by.itstep.organizaer.security.AuthFilter@75973f7a, org.springframework.security.web.savedrequest.RequestCacheAwareFilter@703947bd, org.springframework.security.web.servletapi.SecurityContextHolderAwareRequestFilter@f31b991, org.springframework.security.web.authentication.AnonymousAuthenticationFilter@f5314bc, org.springframework.security.web.session.SessionManagementFilter@1d7f0cd0, org.springframework.security.web.access.ExceptionTranslationFilter@62b0792, org.springframework.security.web.access.intercept.AuthorizationFilter@d91e8c7]
2023-03-09 20:55:28,738 INFO org.springframework.boot.StartupInfoLogger [main] Started OrganizaerApplicationTests in 13.625 seconds (JVM running for 15.221)
2023-03-09 20:55:29,550 INFO org.springframework.orm.jpa.AbstractEntityManagerFactoryBean [SpringApplicationShutdownHook] Closing JPA EntityManagerFactory for persistence unit 'default'
2023-03-09 20:55:29,554 INFO com.zaxxer.hikari.HikariDataSource [SpringApplicationShutdownHook] HikariPool-1 - Shutdown initiated...
2023-03-09 20:55:29,593 INFO com.zaxxer.hikari.HikariDataSource [SpringApplicationShutdownHook] HikariPool-1 - Shutdown completed.
